
2017-03-29 21:56:53  This is an info message.
2017-03-29 21:56:53  This is an error message.
2017-03-29 21:56:53  This is an error
2017-03-29 21:56:53  This is information
2017-03-29 21:56:53  This is log error
2017-03-30 14:41:01  This is an info message.
2017-03-30 14:41:01  This is an error message.
2017-03-30 14:41:01  This is an error
2017-03-30 14:41:01  This is information
2017-03-30 14:41:01  This is log error
2017-03-30 14:46:47  This is an info message.
2017-03-30 14:46:47  This is an error message.
2017-03-30 14:46:47  This is an error
2017-03-30 14:46:47  This is information
2017-03-30 14:46:47  This is log error
2017-03-30 14:51:44  This is an info message.
2017-03-30 14:51:44  This is an error message.
2017-03-30 14:51:44  This is an error
2017-03-30 14:51:44  This is information
2017-03-30 14:51:44  This is log error
2017-03-30 14:52:41  This is an info message.
2017-03-30 14:52:41  This is an error message.
2017-03-30 14:52:41  This is an error
2017-03-30 14:52:41  This is information
2017-03-30 14:52:41  This is log error
2017-03-30 14:55:45  This is an error
2017-03-30 15:01:16, This is an error
2017-03-30 15:01:16, This is information
2017-03-30 15:01:16, This is log error